# JRE version: Java(TM) SE Runtime Environment (8.0_144-b01) (build 1.8.0_144-b01)
# Java VM: Java HotSpot(TM) 64-Bit Server VM (25.144-b01 mixed mode windows-amd64 compressed oops)
Heap:
 PSYoungGen      total 38400K, used 7040K [0x00000000d5900000, 0x00000000d8380000, 0x0000000100000000)
  eden space 33280K, 21% used [0x00000000d5900000,0x00000000d5fe01e0,0x00000000d7980000)
  from space 5120K, 0% used [0x00000000d7e80000,0x00000000d7e80000,0x00000000d8380000)
  to   space 5120K, 0% used [0x00000000d7980000,0x00000000d7980000,0x00000000d7e80000)
 ParOldGen       total 57344K, used 4008K [0x0000000080a00000, 0x0000000084200000, 0x00000000d5900000)
  object space 57344K, 6% used [0x0000000080a00000,0x0000000080dea3e0,0x0000000084200000)
 Metaspace       used 16196K, capacity 17026K, committed 17152K, reserved 1064960K
  class space    used 2378K, capacity 2553K, committed 2560K, reserved 1048576K
GC Heap History (6 events):
Event: 0.644 GC heap before
{Heap before GC invocations=1 (full 0):
 PSYoungGen      total 38400K, used 33280K [0x00000000d5900000, 0x00000000d8380000, 0x0000000100000000)
  eden space 33280K, 100% used [0x00000000d5900000,0x00000000d7980000,0x00000000d7980000)
  from space 5120K, 0% used [0x00000000d7e80000,0x00000000d7e80000,0x00000000d8380000)
  to   space 5120K, 0% used [0x00000000d7980000,0x00000000d7980000,0x00000000d7e80000)
 ParOldGen       total 87552K, used 0K [0x0000000080a00000, 0x0000000085f80000, 0x00000000d5900000)
  object space 87552K, 0% used [0x0000000080a00000,0x0000000080a00000,0x0000000085f80000)
 Metaspace       used 13486K, capacity 13960K, committed 14080K, reserved 1060864K
  class space    used 1863K, capacity 1998K, committed 2048K, reserved 1048576K
Event: 0.648 GC heap after
Heap after GC invocations=1 (full 0):
 PSYoungGen      total 38400K, used 3696K [0x00000000d5900000, 0x00000000d8380000, 0x0000000100000000)
  eden space 33280K, 0% used [0x00000000d5900000,0x00000000d5900000,0x00000000d7980000)
  from space 5120K, 72% used [0x00000000d7980000,0x00000000d7d1c050,0x00000000d7e80000)
  to   space 5120K, 0% used [0x00000000d7e80000,0x00000000d7e80000,0x00000000d8380000)
 ParOldGen       total 87552K, used 80K [0x0000000080a00000, 0x0000000085f80000, 0x00000000d5900000)
  object space 87552K, 0% used [0x0000000080a00000,0x0000000080a14010,0x0000000085f80000)
 Metaspace       used 13486K, capacity 13960K, committed 14080K, reserved 1060864K
  class space    used 1863K, capacity 1998K, committed 2048K, reserved 1048576K
}
Event: 0.747 GC heap before
{Heap before GC invocations=2 (full 0):
 PSYoungGen      total 38400K, used 8976K [0x00000000d5900000, 0x00000000d8380000, 0x0000000100000000)
  eden space 33280K, 15% used [0x00000000d5900000,0x00000000d5e28048,0x00000000d7980000)
  from space 5120K, 72% used [0x00000000d7980000,0x00000000d7d1c050,0x00000000d7e80000)
  to   space 5120K, 0% used [0x00000000d7e80000,0x00000000d7e80000,0x00000000d8380000)
 ParOldGen       total 87552K, used 80K [0x0000000080a00000, 0x0000000085f80000, 0x00000000d5900000)
  object space 87552K, 0% used [0x0000000080a00000,0x0000000080a14010,0x0000000085f80000)
 Metaspace       used 14861K, capacity 15592K, committed 15744K, reserved 1067008K
  class space    used 2199K, capacity 2340K, committed 2432K, reserved 1048576K
Event: 0.750 GC heap after
Heap after GC invocations=2 (full 0):
 PSYoungGen      total 38400K, used 4035K [0x00000000d5900000, 0x00000000d8380000, 0x0000000100000000)
  eden space 33280K, 0% used [0x00000000d5900000,0x00000000d5900000,0x00000000d7980000)
  from space 5120K, 78% used [0x00000000d7e80000,0x00000000d8270c50,0x00000000d8380000)
  to   space 5120K, 0% used [0x00000000d7980000,0x00000000d7980000,0x00000000d7e80000)
 ParOldGen       total 87552K, used 88K [0x0000000080a00000, 0x0000000085f80000, 0x00000000d5900000)
  object space 87552K, 0% used [0x0000000080a00000,0x0000000080a16010,0x0000000085f80000)
 Metaspace       used 14861K, capacity 15592K, committed 15744K, reserved 1067008K
  class space    used 2199K, capacity 2340K, committed 2432K, reserved 1048576K
}
Event: 0.750 GC heap before
{Heap before GC invocations=3 (full 1):
 PSYoungGen      total 38400K, used 4035K [0x00000000d5900000, 0x00000000d8380000, 0x0000000100000000)
  eden space 33280K, 0% used [0x00000000d5900000,0x00000000d5900000,0x00000000d7980000)
  from space 5120K, 78% used [0x00000000d7e80000,0x00000000d8270c50,0x00000000d8380000)
  to   space 5120K, 0% used [0x00000000d7980000,0x00000000d7980000,0x00000000d7e80000)
 ParOldGen       total 87552K, used 88K [0x0000000080a00000, 0x0000000085f80000, 0x00000000d5900000)
  object space 87552K, 0% used [0x0000000080a00000,0x0000000080a16010,0x0000000085f80000)
 Metaspace       used 14861K, capacity 15592K, committed 15744K, reserved 1067008K
  class space    used 2199K, capacity 2340K, committed 2432K, reserved 1048576K
Event: 0.767 GC heap after
Heap after GC invocations=3 (full 1):
 PSYoungGen      total 38400K, used 0K [0x00000000d5900000, 0x00000000d8380000, 0x0000000100000000)
  eden space 33280K, 0% used [0x00000000d5900000,0x00000000d5900000,0x00000000d7980000)
  from space 5120K, 0% used [0x00000000d7e80000,0x00000000d7e80000,0x00000000d8380000)
  to   space 5120K, 0% used [0x00000000d7980000,0x00000000d7980000,0x00000000d7e80000)
 ParOldGen       total 57344K, used 4008K [0x0000000080a00000, 0x0000000084200000, 0x00000000d5900000)
  object space 57344K, 6% used [0x0000000080a00000,0x0000000080dea3e0,0x0000000084200000)
 Metaspace       used 14861K, capacity 15592K, committed 15744K, reserved 1064960K
  class space    used 2199K, capacity 2340K, committed 2432K, reserved 1048576K
}

